La génération a démarré 13/03/2017 12:30:40.
     1>Projet "E:\Polytech\ProjetTutore\DI3---Projet3\Projet Matrice\Projet Matrice\Projet Matrice.vcxproj" sur le nœud 2 (Build cible(s)).
     1>ClCompile:
         C:\Program Files (x86)\Microsoft Visual Studio 11.0\VC\bin\CL.exe /c /ZI /nologo /W3 /WX- /sdl /Od /Oy- /D WIN32 /D _DEBUG /D _CONSOLE /D _UNICODE /D UNICODE /Gm /EHsc /RTC1 /MDd /GS /fp:precise /Zc:wchar_t /Zc:forScope /Fo"Debug\\" /Fd"Debug\vc110.pdb" /Gd /TP /analyze- /errorReport:prompt CException.cpp CMatrix.cpp CMatrixParser.cpp CSquareMatrix.cpp
         CSquareMatrix.cpp
     1>e:\polytech\projettutore\di3---projet3\projet matrice\projet matrice\csquarematrix.cpp(10): error C2061: erreur de syntaxe : identificateur 'T'
     1>e:\polytech\projettutore\di3---projet3\projet matrice\projet matrice\csquarematrix.cpp(11): fatal error C1903: impossible de récupérer à partir des erreurs précédentes ; arrêt de la compilation
         CMatrixParser.cpp
     1>e:\polytech\projettutore\di3---projet3\projet matrice\projet matrice\cmatrixparser.h(15): error C2061: erreur de syntaxe : identificateur 'T'
     1>e:\polytech\projettutore\di3---projet3\projet matrice\projet matrice\cmatrixparser.h(16): fatal error C1903: impossible de récupérer à partir des erreurs précédentes ; arrêt de la compilation
         CMatrix.cpp
     1>e:\polytech\projettutore\di3---projet3\projet matrice\projet matrice\cmatrix.cpp(11): error C2955: 'CMatrix' : l'utilisation d'une classe modèle requiert une liste d'arguments modèle
                 e:\polytech\projettutore\di3---projet3\projet matrice\projet matrice\cmatrix.h(12) : voir la déclaration de 'CMatrix'
     1>e:\polytech\projettutore\di3---projet3\projet matrice\projet matrice\cmatrix.cpp(13): error C2244: 'CMatrix<T>::{ctor}' : impossible de faire correspondre la définition de fonction avec une déclaration existante
                 définition
                 'CMatrix::CMatrix(void)'
                 déclarations existantes
                 'CMatrix<T>::CMatrix(unsigned int,unsigned int)'
                 'CMatrix<T>::CMatrix(const CMatrix<T> &)'
                 'CMatrix<T>::CMatrix(void)'
     1>e:\polytech\projettutore\di3---projet3\projet matrice\projet matrice\cmatrix.cpp(16): error C2955: 'CMatrix' : l'utilisation d'une classe modèle requiert une liste d'arguments modèle
                 e:\polytech\projettutore\di3---projet3\projet matrice\projet matrice\cmatrix.h(12) : voir la déclaration de 'CMatrix'
     1>e:\polytech\projettutore\di3---projet3\projet matrice\projet matrice\cmatrix.cpp(18): error C2244: 'CMatrix<T>::{ctor}' : impossible de faire correspondre la définition de fonction avec une déclaration existante
                 définition
                 'CMatrix::CMatrix(const CMatrix &)'
                 déclarations existantes
                 'CMatrix<T>::CMatrix(unsigned int,unsigned int)'
                 'CMatrix<T>::CMatrix(const CMatrix<T> &)'
                 'CMatrix<T>::CMatrix(void)'
     1>e:\polytech\projettutore\di3---projet3\projet matrice\projet matrice\cmatrix.cpp(28): error C2244: 'CMatrix<T>::{ctor}' : impossible de faire correspondre la définition de fonction avec une déclaration existante
                 définition
                 'CMatrix::CMatrix(unsigned int,unsigned int)'
                 déclarations existantes
                 'CMatrix<T>::CMatrix(unsigned int,unsigned int)'
                 'CMatrix<T>::CMatrix(const CMatrix<T> &)'
                 'CMatrix<T>::CMatrix(void)'
     1>e:\polytech\projettutore\di3---projet3\projet matrice\projet matrice\cmatrix.cpp(33): error C2244: 'CMatrix<T>::~CMatrix' : impossible de faire correspondre la définition de fonction avec une déclaration existante
                 e:\polytech\projettutore\di3---projet3\projet matrice\projet matrice\cmatrix.h(28) : voir la déclaration de 'CMatrix<T>::~CMatrix'
                 définition
                 'CMatrix::~CMatrix(void)'
                 déclarations existantes
                 'CMatrix<T>::~CMatrix(void)'
     1>e:\polytech\projettutore\di3---projet3\projet matrice\projet matrice\cmatrix.cpp(39): error C2244: 'CMatrix<T>::MTXgetHeight' : impossible de faire correspondre la définition de fonction avec une déclaration existante
                 e:\polytech\projettutore\di3---projet3\projet matrice\projet matrice\cmatrix.h(30) : voir la déclaration de 'CMatrix<T>::MTXgetHeight'
                 définition
                 'unsigned int CMatrix::MTXgetHeight(void)'
                 déclarations existantes
                 'unsigned int CMatrix<T>::MTXgetHeight(void)'
     1>e:\polytech\projettutore\di3---projet3\projet matrice\projet matrice\cmatrix.cpp(45): error C2244: 'CMatrix<T>::MTXgetWidth' : impossible de faire correspondre la définition de fonction avec une déclaration existante
                 e:\polytech\projettutore\di3---projet3\projet matrice\projet matrice\cmatrix.h(32) : voir la déclaration de 'CMatrix<T>::MTXgetWidth'
                 définition
                 'unsigned int CMatrix::MTXgetWidth(void)'
                 déclarations existantes
                 'unsigned int CMatrix<T>::MTXgetWidth(void)'
     1>e:\polytech\projettutore\di3---projet3\projet matrice\projet matrice\cmatrix.cpp(59): error C2061: erreur de syntaxe : identificateur 'T'
     1>e:\polytech\projettutore\di3---projet3\projet matrice\projet matrice\cmatrix.cpp(60): fatal error C1903: impossible de récupérer à partir des erreurs précédentes ; arrêt de la compilation
         CException.cpp
     1>e:\polytech\projettutore\di3---projet3\projet matrice\projet matrice\cexception.cpp(15): error C4996: 'strdup': The POSIX name for this item is deprecated. Instead, use the ISO C++ conformant name: _strdup. See online help for details.
                 c:\program files (x86)\microsoft visual studio 11.0\vc\include\string.h(241) : voir la déclaration de 'strdup'
         Génération de code en cours...
     1>Génération du projet "E:\Polytech\ProjetTutore\DI3---Projet3\Projet Matrice\Projet Matrice\Projet Matrice.vcxproj" terminée (Build cible(s)) -- ÉCHEC.

ÉCHEC de la build.

Temps écoulé 00:00:05.13
